Using pre-set license
Built from '2020.2/release' branch; Version is '2020.2.1f1 (270dd8c3da1c) revision 2559448'; Using compiler version '192528614'; Build Type 'Release'
OS: 'Windows 10  (10.0.0) 64bit' Language: 'en' Physical Memory: 24562 MB
BatchMode: 1, IsHumanControllingUs: 0, StartBugReporterOnCrash: 0, Is64bit: 1, IsPro: 0

 COMMAND LINE ARGUMENTS:
G:\Program Files G\Editor\Unity.exe
-adb2
-batchMode
-noUpm
-name
AssetImportWorker0
-projectPath
G:/Projects/3D Games/Multiplayer Game/Split Screen Multiplayer Games
-logFile
Logs/AssetImportWorker0.log
-srvPort
50404
Successfully changed project path to: G:/Projects/3D Games/Multiplayer Game/Split Screen Multiplayer Games
G:/Projects/3D Games/Multiplayer Game/Split Screen Multiplayer Games
Using Asset Import Pipeline V2.
Refreshing native plugins compatible for Editor in 87.33 ms, found 0 plugins.
Preloading 0 native plugins for Editor in 0.00 ms.
Initialize engine version: 2020.2.1f1 (270dd8c3da1c)
[Subsystems] Discovering subsystems at path G:/Program Files G/Editor/Data/Resources/UnitySubsystems
[Subsystems] Discovering subsystems at path G:/Projects/3D Games/Multiplayer Game/Split Screen Multiplayer Games/Assets
GfxDevice: creating device client; threaded=0
Direct3D:
    Version:  Direct3D 11.0 [level 11.1]
    Renderer: NVIDIA GeForce GTX 1650 (ID=0x1f82)
    Vendor:   
    VRAM:     3962 MB
    Driver:   27.21.14.6109
Shader 'Universal Render Pipeline/Particles/Lit': fallback shader 'Universal Render Pipeline/Particles/SimpleLit' not found
Initialize mono
Mono path[0] = 'G:/Program Files G/Editor/Data/Managed'
Mono path[1] = 'G:/Program Files G/Editor/Data/MonoBleedingEdge/lib/mono/unityjit'
Mono config path = 'G:/Program Files G/Editor/Data/MonoBleedingEdge/etc'
Using monoOptions --debugger-agent=transport=dt_socket,embedding=1,server=y,suspend=n,address=127.0.0.1:56368
Begin MonoManager ReloadAssembly
Registering precompiled unity dll's ...
Register platform support module: G:/Program Files G/Editor/Data/PlaybackEngines/WindowsStandaloneSupport/UnityEditor.WindowsStandalone.Extensions.dll
Registered in 0.001189 seconds.
Native extension for WindowsStandalone target not found
Refreshing native plugins compatible for Editor in 210.20 ms, found 0 plugins.
Preloading 0 native plugins for Editor in 0.00 ms.
Invoked RoslynAnalysisRunner static constructor.
RoslynAnalysisRunner will not be running.
RoslynAnalysisRunner has terminated.
Mono: successfully reloaded assembly
- Completed reload, in  1.721 seconds
Platform modules already initialized, skipping
Registering precompiled user dll's ...
Registered in 0.001491 seconds.
Begin MonoManager ReloadAssembly
Native extension for WindowsStandalone target not found
Refreshing native plugins compatible for Editor in 88.86 ms, found 0 plugins.
Preloading 0 native plugins for Editor in 0.00 ms.
Invoked RoslynAnalysisRunner static constructor.
RoslynAnalysisRunner will not be running.
RoslynAnalysisRunner has terminated.
Mono: successfully reloaded assembly
- Completed reload, in  2.413 seconds
Platform modules already initialized, skipping
========================================================================
Worker process is ready to serve import requests
Shader 'Universal Render Pipeline/Particles/Lit': fallback shader 'Universal Render Pipeline/Particles/SimpleLit' not found
Launched and connected shader compiler UnityShaderCompiler.exe after 0.10 seconds
Refreshing native plugins compatible for Editor in 1.21 ms, found 0 plugins.
Preloading 0 native plugins for Editor in 0.00 ms.
Unloading 3197 Unused Serialized files (Serialized files now loaded: 0)
System memory in use before: 140.5 MB.
System memory in use after: 140.7 MB.

Unloading 127 unused Assets to reduce memory usage. Loaded Objects now: 3634.
Total: 4.343200 ms (FindLiveObjects: 0.374300 ms CreateObjectMapping: 0.158200 ms MarkObjects: 3.494200 ms  DeleteObjects: 0.314100 ms)

========================================================================
Received Import Request.
  path: Assets/Scripts/AmmoPickup.cs
  artifactKey: Guid(17aeb49b15252834e9c55e42d74ea439) Importer(815301076,1909f56bfc062723c751e8b465ee728b)
Start importing Assets/Scripts/AmmoPickup.cs using Guid(17aeb49b15252834e9c55e42d74ea439) Importer(815301076,1909f56bfc062723c751e8b465ee728b)  -> (artifact id: '8e1b6e1969b32fb70361963a29a3ae91') in 0.073271 seconds
  Import took 0.080082 seconds .

========================================================================
Received Prepare
Registering precompiled user dll's ...
Registered in 0.001919 seconds.
Begin MonoManager ReloadAssembly
Native extension for WindowsStandalone target not found
Refreshing native plugins compatible for Editor in 0.61 ms, found 0 plugins.
Preloading 0 native plugins for Editor in 0.00 ms.
Warning: Annotation not found!
UnityEngine.StackTraceUtility:ExtractStackTrace ()
UnityEditor.ProBuilder.EditorUtility:SetGizmoIconEnabled (System.Type,bool) (at Library/PackageCache/com.unity.probuilder@4.4.0/Editor/EditorCore/EditorUtility.cs:593)
UnityEditor.ProBuilder.HierarchyListener:.cctor () (at Library/PackageCache/com.unity.probuilder@4.4.0/Editor/EditorCore/HierarchyListener.cs:21)
System.Runtime.CompilerServices.RuntimeHelpers:RunClassConstructor (System.RuntimeTypeHandle)
UnityEditor.EditorAssemblies:ProcessInitializeOnLoadAttributes (System.Type[])

[Library/PackageCache/com.unity.probuilder@4.4.0/Editor/EditorCore/EditorUtility.cs line 593]

Invoked RoslynAnalysisRunner static constructor.
RoslynAnalysisRunner will not be running.
RoslynAnalysisRunner has terminated.
Mono: successfully reloaded assembly
- Completed reload, in  1.257 seconds
Platform modules already initialized, skipping
Shader 'Universal Render Pipeline/Particles/Lit': fallback shader 'Universal Render Pipeline/Particles/SimpleLit' not found
Refreshing native plugins compatible for Editor in 0.60 ms, found 0 plugins.
Preloading 0 native plugins for Editor in 0.00 ms.
Unloading 3098 Unused Serialized files (Serialized files now loaded: 0)
System memory in use before: 134.9 MB.
System memory in use after: 135.1 MB.

Unloading 7 unused Assets to reduce memory usage. Loaded Objects now: 3636.
Total: 5.117500 ms (FindLiveObjects: 0.362300 ms CreateObjectMapping: 0.131600 ms MarkObjects: 4.517600 ms  DeleteObjects: 0.104500 ms)

========================================================================
Received Import Request.
  Time since last request: 18.369931 seconds.
  path: Assets/Prefabs/Armor.prefab
  artifactKey: Guid(925254a8ff0851149867d86de9ac33c1) Importer(815301076,1909f56bfc062723c751e8b465ee728b)
Start importing Assets/Prefabs/Armor.prefab using Guid(925254a8ff0851149867d86de9ac33c1) Importer(815301076,1909f56bfc062723c751e8b465ee728b)  -> (artifact id: 'eed60634af73da0afa2122885f35b4f5') in 0.119130 seconds
  Import took 0.126051 seconds .

========================================================================
Received Import Request.
  Time since last request: 0.090891 seconds.
  path: Assets/Prefabs/Armor.prefab
  artifactKey: Guid(925254a8ff0851149867d86de9ac33c1) Importer(815301076,1909f56bfc062723c751e8b465ee728b)
Start importing Assets/Prefabs/Armor.prefab using Guid(925254a8ff0851149867d86de9ac33c1) Importer(815301076,1909f56bfc062723c751e8b465ee728b)  -> (artifact id: 'eed60634af73da0afa2122885f35b4f5') in 0.012006 seconds
  Import took 0.018442 seconds .

========================================================================
Received Import Request.
  Time since last request: 239.860716 seconds.
  path: Assets/Scenes/SampleScene.unity
  artifactKey: Guid(9fc0d4010bbf28b4594072e72b8655ab) Importer(815301076,1909f56bfc062723c751e8b465ee728b)
Start importing Assets/Scenes/SampleScene.unity using Guid(9fc0d4010bbf28b4594072e72b8655ab) Importer(815301076,1909f56bfc062723c751e8b465ee728b)  -> (artifact id: '2b5f04550e20b772b06b00b1fd978ef6') in 0.013224 seconds
  Import took 0.028924 seconds .

========================================================================
Received Import Request.
  Time since last request: 73.252722 seconds.
  path: Assets/Prefabs/Glock Ammo.prefab
  artifactKey: Guid(e48ed436f64f83c4f9de2dbb5e159bc4) Importer(815301076,1909f56bfc062723c751e8b465ee728b)
Start importing Assets/Prefabs/Glock Ammo.prefab using Guid(e48ed436f64f83c4f9de2dbb5e159bc4) Importer(815301076,1909f56bfc062723c751e8b465ee728b)  -> (artifact id: 'f9f896859c8e3462959a01149dc6fe92') in 0.045648 seconds
  Import took 0.056628 seconds .

========================================================================
Received Import Request.
  Time since last request: 3.373162 seconds.
  path: Assets/Scripts/ScriptableObjects/GunSO.cs
  artifactKey: Guid(9b2e0e2acf98656419d1af95b8a209d6) Importer(815301076,1909f56bfc062723c751e8b465ee728b)
Start importing Assets/Scripts/ScriptableObjects/GunSO.cs using Guid(9b2e0e2acf98656419d1af95b8a209d6) Importer(815301076,1909f56bfc062723c751e8b465ee728b)  -> (artifact id: 'ff27b69d161b7a042b2cf80512650574') in 0.007914 seconds
  Import took 0.014282 seconds .

========================================================================
Received Import Request.
  Time since last request: 0.007583 seconds.
  path: Assets/Scripts/ScriptableObjects/GunSO.cs
  artifactKey: Guid(9b2e0e2acf98656419d1af95b8a209d6) Importer(815301076,1909f56bfc062723c751e8b465ee728b)
Start importing Assets/Scripts/ScriptableObjects/GunSO.cs using Guid(9b2e0e2acf98656419d1af95b8a209d6) Importer(815301076,1909f56bfc062723c751e8b465ee728b)  -> (artifact id: 'ff27b69d161b7a042b2cf80512650574') in 0.003502 seconds
  Import took 0.012493 seconds .

========================================================================
Received Import Request.
  Time since last request: 26.455260 seconds.
  path: Assets/Scripts/UI/AmmoUI.cs
  artifactKey: Guid(f69f74fba0f0d804cbff20cb828d2a1e) Importer(815301076,1909f56bfc062723c751e8b465ee728b)
Start importing Assets/Scripts/UI/AmmoUI.cs using Guid(f69f74fba0f0d804cbff20cb828d2a1e) Importer(815301076,1909f56bfc062723c751e8b465ee728b)  -> (artifact id: 'ffb3eabd3d7864b3e5e6592dca442891') in 0.010351 seconds
  Import took 0.017160 seconds .

========================================================================
Received Prepare
Registering precompiled user dll's ...
Registered in 0.001545 seconds.
Begin MonoManager ReloadAssembly
Native extension for WindowsStandalone target not found
Refreshing native plugins compatible for Editor in 0.61 ms, found 0 plugins.
Preloading 0 native plugins for Editor in 0.00 ms.
Warning: Annotation not found!
UnityEngine.StackTraceUtility:ExtractStackTrace ()
UnityEditor.ProBuilder.EditorUtility:SetGizmoIconEnabled (System.Type,bool) (at Library/PackageCache/com.unity.probuilder@4.4.0/Editor/EditorCore/EditorUtility.cs:593)
UnityEditor.ProBuilder.HierarchyListener:.cctor () (at Library/PackageCache/com.unity.probuilder@4.4.0/Editor/EditorCore/HierarchyListener.cs:21)
System.Runtime.CompilerServices.RuntimeHelpers:RunClassConstructor (System.RuntimeTypeHandle)
UnityEditor.EditorAssemblies:ProcessInitializeOnLoadAttributes (System.Type[])

[Library/PackageCache/com.unity.probuilder@4.4.0/Editor/EditorCore/EditorUtility.cs line 593]

Invoked RoslynAnalysisRunner static constructor.
RoslynAnalysisRunner will not be running.
RoslynAnalysisRunner has terminated.
Mono: successfully reloaded assembly
- Completed reload, in  1.264 seconds
Platform modules already initialized, skipping
Shader 'Universal Render Pipeline/Particles/Lit': fallback shader 'Universal Render Pipeline/Particles/SimpleLit' not found
Refreshing native plugins compatible for Editor in 0.62 ms, found 0 plugins.
Preloading 0 native plugins for Editor in 0.00 ms.
Unloading 3098 Unused Serialized files (Serialized files now loaded: 0)
System memory in use before: 137.3 MB.
System memory in use after: 137.5 MB.

Unloading 7 unused Assets to reduce memory usage. Loaded Objects now: 3646.
Total: 3.800700 ms (FindLiveObjects: 0.337500 ms CreateObjectMapping: 0.134700 ms MarkObjects: 3.222500 ms  DeleteObjects: 0.104200 ms)

========================================================================
Received Import Request.
  Time since last request: 316.443659 seconds.
  path: Assets/Scripts/UI/AmmoUI.cs
  artifactKey: Guid(f69f74fba0f0d804cbff20cb828d2a1e) Importer(815301076,1909f56bfc062723c751e8b465ee728b)
Start importing Assets/Scripts/UI/AmmoUI.cs using Guid(f69f74fba0f0d804cbff20cb828d2a1e) Importer(815301076,1909f56bfc062723c751e8b465ee728b)  -> (artifact id: '0ed55ac1d56b648cf8d2fdc85f3d4abe') in 0.006319 seconds
  Import took 0.012693 seconds .

========================================================================
Received Import Request.
  Time since last request: 113.698850 seconds.
  path: Assets/ScriptableObjects/Guns/Glock.asset
  artifactKey: Guid(1dbd44e87e97b964bbb8cc3becdfeacb) Importer(815301076,1909f56bfc062723c751e8b465ee728b)
Start importing Assets/ScriptableObjects/Guns/Glock.asset using Guid(1dbd44e87e97b964bbb8cc3becdfeacb) Importer(815301076,1909f56bfc062723c751e8b465ee728b)  -> (artifact id: 'ae562bbb64ebaef14c4021cc3cbea1f8') in 0.038361 seconds
  Import took 0.046598 seconds .

========================================================================
Received Prepare
Registering precompiled user dll's ...
Registered in 0.002388 seconds.
Begin MonoManager ReloadAssembly
Native extension for WindowsStandalone target not found
Refreshing native plugins compatible for Editor in 0.61 ms, found 0 plugins.
Preloading 0 native plugins for Editor in 0.00 ms.
Warning: Annotation not found!
UnityEngine.StackTraceUtility:ExtractStackTrace ()
UnityEditor.ProBuilder.EditorUtility:SetGizmoIconEnabled (System.Type,bool) (at Library/PackageCache/com.unity.probuilder@4.4.0/Editor/EditorCore/EditorUtility.cs:593)
UnityEditor.ProBuilder.HierarchyListener:.cctor () (at Library/PackageCache/com.unity.probuilder@4.4.0/Editor/EditorCore/HierarchyListener.cs:21)
System.Runtime.CompilerServices.RuntimeHelpers:RunClassConstructor (System.RuntimeTypeHandle)
UnityEditor.EditorAssemblies:ProcessInitializeOnLoadAttributes (System.Type[])

[Library/PackageCache/com.unity.probuilder@4.4.0/Editor/EditorCore/EditorUtility.cs line 593]

Invoked RoslynAnalysisRunner static constructor.
RoslynAnalysisRunner will not be running.
RoslynAnalysisRunner has terminated.
Mono: successfully reloaded assembly
- Completed reload, in  1.252 seconds
Platform modules already initialized, skipping
Shader 'Universal Render Pipeline/Particles/Lit': fallback shader 'Universal Render Pipeline/Particles/SimpleLit' not found
Refreshing native plugins compatible for Editor in 0.75 ms, found 0 plugins.
Preloading 0 native plugins for Editor in 0.00 ms.
Unloading 3098 Unused Serialized files (Serialized files now loaded: 0)
System memory in use before: 137.3 MB.
System memory in use after: 137.5 MB.

Unloading 7 unused Assets to reduce memory usage. Loaded Objects now: 3649.
Total: 4.897800 ms (FindLiveObjects: 0.351800 ms CreateObjectMapping: 0.135300 ms MarkObjects: 4.278500 ms  DeleteObjects: 0.129800 ms)

AssetImportWorkerClient::OnTransportError - code=2 error=End of file
